<?xml version="1.0" encoding="UTF-8"?>
<testsuite name="com.advantage.accountsoap.AccountserviceApplicationTests" time="0" tests="1" errors="0" skipped="1" failures="0">
  <properties>
    <property name="idea.version" value="2016.3.3"/>
    <property name="java.runtime.name" value="OpenJDK Runtime Environment"/>
    <property name="sun.boot.library.path" value="/usr/lib/jvm/java-8-openjdk-amd64/jre/lib/amd64"/>
    <property name="java.vm.version" value="25.121-b13"/>
    <property name="java.vm.vendor" value="Oracle Corporation"/>
    <property name="maven.multiModuleProjectDirectory" value="/home/hpe/IdeaProjects/AOS"/>
    <property name="java.vendor.url" value="http://java.oracle.com/"/>
    <property name="path.separator" value=":"/>
    <property name="guice.disable.misplaced.annotation.check" value="true"/>
    <property name="java.vm.name" value="OpenJDK 64-Bit Server VM"/>
    <property name="file.encoding.pkg" value="sun.io"/>
    <property name="idea.launcher.port" value="7532"/>
    <property name="user.country" value="US"/>
    <property name="sun.java.launcher" value="SUN_STANDARD"/>
    <property name="sun.os.patch.level" value="unknown"/>
    <property name="java.vm.specification.name" value="Java Virtual Machine Specification"/>
    <property name="user.dir" value="/home/hpe/IdeaProjects/AOS"/>
    <property name="java.runtime.version" value="1.8.0_121-8u121-b13-0ubuntu1.16.04.2-b13"/>
    <property name="java.awt.graphicsenv" value="sun.awt.X11GraphicsEnvironment"/>
    <property name="java.endorsed.dirs" value="/usr/lib/jvm/java-8-openjdk-amd64/jre/lib/endorsed"/>
    <property name="os.arch" value="amd64"/>
    <property name="java.io.tmpdir" value="/tmp"/>
    <property name="line.separator" value="&#10;"/>
    <property name="java.vm.specification.vendor" value="Oracle Corporation"/>
    <property name="os.name" value="Linux"/>
    <property name="classworlds.conf" value="/home/hpe/Downloads/idea-IC-163.11103.6/plugins/maven/lib/maven3/bin/m2.conf"/>
    <property name="sun.jnu.encoding" value="UTF-8"/>
    <property name="java.library.path" value="/home/hpe/Downloads/idea-IC-163.11103.6/bin::/usr/java/packages/lib/amd64:/usr/lib/x86_64-linux-gnu/jni:/lib/x86_64-linux-gnu:/usr/lib/x86_64-linux-gnu:/usr/lib/jni:/lib:/usr/lib"/>
    <property name="java.specification.name" value="Java Platform API Specification"/>
    <property name="java.class.version" value="52.0"/>
    <property name="sun.management.compiler" value="HotSpot 64-Bit Tiered Compilers"/>
    <property name="os.version" value="4.4.0-66-generic"/>
    <property name="user.home" value="/home/hpe"/>
    <property name="user.timezone" value="America/Denver"/>
    <property name="java.awt.printerjob" value="sun.print.PSPrinterJob"/>
    <property name="java.specification.version" value="1.8"/>
    <property name="idea.launcher.bin.path" value="/home/hpe/Downloads/idea-IC-163.11103.6/bin"/>
    <property name="file.encoding" value="UTF-8"/>
    <property name="user.name" value="hpe"/>
    <property name="java.class.path" value="/home/hpe/Downloads/idea-IC-163.11103.6/plugins/maven/lib/maven3/boot/plexus-classworlds-2.5.2.jar:/home/hpe/Downloads/idea-IC-163.11103.6/lib/idea_rt.jar"/>
    <property name="java.vm.specification.version" value="1.8"/>
    <property name="sun.arch.data.model" value="64"/>
    <property name="java.home" value="/usr/lib/jvm/java-8-openjdk-amd64/jre"/>
    <property name="sun.java.command" value="com.intellij.rt.execution.application.AppMain org.codehaus.classworlds.Launcher -Didea.version=2016.3.3 clean install -P development"/>
    <property name="java.specification.vendor" value="Oracle Corporation"/>
    <property name="user.language" value="en"/>
    <property name="awt.toolkit" value="sun.awt.X11.XToolkit"/>
    <property name="java.vm.info" value="mixed mode"/>
    <property name="java.version" value="1.8.0_121"/>
    <property name="java.ext.dirs" value="/usr/lib/jvm/java-8-openjdk-amd64/jre/lib/ext:/usr/java/packages/lib/ext"/>
    <property name="securerandom.source" value="file:/dev/./urandom"/>
    <property name="sun.boot.class.path" value="/usr/lib/jvm/java-8-openjdk-amd64/jre/lib/resources.jar:/usr/lib/jvm/java-8-openjdk-amd64/jre/lib/rt.jar:/usr/lib/jvm/java-8-openjdk-amd64/jre/lib/sunrsasign.jar:/usr/lib/jvm/java-8-openjdk-amd64/jre/lib/jsse.jar:/usr/lib/jvm/java-8-openjdk-amd64/jre/lib/jce.jar:/usr/lib/jvm/java-8-openjdk-amd64/jre/lib/charsets.jar:/usr/lib/jvm/java-8-openjdk-amd64/jre/lib/jfr.jar:/usr/lib/jvm/java-8-openjdk-amd64/jre/classes"/>
    <property name="java.vendor" value="Oracle Corporation"/>
    <property name="maven.home" value="/home/hpe/Downloads/idea-IC-163.11103.6/plugins/maven/lib/maven3"/>
    <property name="file.separator" value="/"/>
    <property name="java.vendor.url.bug" value="http://bugreport.sun.com/bugreport/"/>
    <property name="sun.cpu.endian" value="little"/>
    <property name="sun.io.unicode.encoding" value="UnicodeLittle"/>
    <property name="sun.desktop" value="gnome"/>
    <property name="sun.cpu.isalist" value=""/>
  </properties>
  <testcase name="contextLoads" classname="com.advantage.accountsoap.AccountserviceApplicationTests" time="0">
    <skipped/>
    <system-out><![CDATA[11:02:28.327 [main] DEBUG o.s.t.c.j.SpringJUnit4ClassRunner - SpringJUnit4ClassRunner constructor called with [class com.advantage.accountsoap.AccountserviceApplicationTests]
11:02:28.369 [main] DEBUG o.s.test.context.BootstrapUtils - Instantiating CacheAwareContextLoaderDelegate from class [org.springframework.test.context.cache.DefaultCacheAwareContextLoaderDelegate]
11:02:28.402 [main] DEBUG o.s.test.context.BootstrapUtils - Instantiating BootstrapContext using constructor [public org.springframework.test.context.support.DefaultBootstrapContext(java.lang.Class,org.springframework.test.context.CacheAwareContextLoaderDelegate)]
11:02:28.423 [main] DEBUG o.s.test.context.BootstrapUtils - Instantiating TestContextBootstrapper for test class [com.advantage.accountsoap.AccountserviceApplicationTests] from class [org.springframework.test.context.support.DefaultTestContextBootstrapper]
11:02:28.481 [main] DEBUG o.s.t.c.s.DefaultTestContextBootstrapper - Found explicit ContextLoader class [org.springframework.boot.test.SpringApplicationContextLoader] for context configuration attributes [ContextConfigurationAttributes@51cdd8a declaringClass = 'com.advantage.accountsoap.AccountserviceApplicationTests', classes = '{class com.advantage.accountsoap.AccountserviceApplication}', locations = '{}', inheritLocations = true, initializers = '{}', inheritInitializers = true, name = [null], contextLoaderClass = 'org.springframework.boot.test.SpringApplicationContextLoader']
11:02:28.498 [main] DEBUG o.s.t.c.s.AbstractContextLoader - Did not detect default resource location for test class [com.advantage.accountsoap.AccountserviceApplicationTests]: class path resource [com/advantage/accountsoap/AccountserviceApplicationTests-context.xml] does not exist
11:02:28.512 [main] DEBUG o.s.t.c.s.AbstractContextLoader - Did not detect default resource location for test class [com.advantage.accountsoap.AccountserviceApplicationTests]: class path resource [com/advantage/accountsoap/AccountserviceApplicationTestsContext.groovy] does not exist
11:02:28.513 [main] INFO  o.s.t.c.s.AbstractContextLoader - Could not detect default resource locations for test class [com.advantage.accountsoap.AccountserviceApplicationTests]: no resource found for suffixes {-context.xml, Context.groovy}.
11:02:28.515 [main] DEBUG o.s.t.c.support.ActiveProfilesUtils - Could not find an 'annotation declaring class' for annotation type [org.springframework.test.context.ActiveProfiles] and class [com.advantage.accountsoap.AccountserviceApplicationTests]
11:02:28.521 [main] DEBUG o.s.t.c.s.DefaultTestContextBootstrapper - @TestExecutionListeners is not present for class [com.advantage.accountsoap.AccountserviceApplicationTests]: using defaults.
11:02:28.539 [main] INFO  o.s.t.c.s.DefaultTestContextBootstrapper - Loaded default TestExecutionListener class names from location [META-INF/spring.factories]: [org.springframework.test.context.web.ServletTestExecutionListener, org.springframework.test.context.support.DirtiesContextBeforeModesTestExecutionListener, org.springframework.test.context.support.DependencyInjectionTestExecutionListener, org.springframework.test.context.support.DirtiesContextTestExecutionListener, org.springframework.test.context.transaction.TransactionalTestExecutionListener, org.springframework.test.context.jdbc.SqlScriptsTestExecutionListener]
11:02:28.625 [main] INFO  o.s.t.c.s.DefaultTestContextBootstrapper - Using TestExecutionListeners: [org.springframework.test.context.web.ServletTestExecutionListener@32eebfca, org.springframework.test.context.support.DirtiesContextBeforeModesTestExecutionListener@4e718207, org.springframework.test.context.support.DependencyInjectionTestExecutionListener@1d371b2d, org.springframework.test.context.support.DirtiesContextTestExecutionListener@543c6f6d, org.springframework.test.context.transaction.TransactionalTestExecutionListener@13eb8acf, org.springframework.test.context.jdbc.SqlScriptsTestExecutionListener@51c8530f]
11:02:28.631 [main] DEBUG o.s.t.c.j.SpringJUnit4ClassRunner - SpringJUnit4ClassRunner constructor called with [class UserService.UserServiceApplicationTests]
11:02:28.632 [main] DEBUG o.s.test.context.BootstrapUtils - Instantiating CacheAwareContextLoaderDelegate from class [org.springframework.test.context.cache.DefaultCacheAwareContextLoaderDelegate]
11:02:28.632 [main] DEBUG o.s.test.context.BootstrapUtils - Instantiating BootstrapContext using constructor [public org.springframework.test.context.support.DefaultBootstrapContext(java.lang.Class,org.springframework.test.context.CacheAwareContextLoaderDelegate)]
11:02:28.632 [main] DEBUG o.s.test.context.BootstrapUtils - Instantiating TestContextBootstrapper for test class [UserService.UserServiceApplicationTests] from class [org.springframework.test.context.support.DefaultTestContextBootstrapper]
11:02:28.637 [main] DEBUG o.s.t.c.s.DefaultTestContextBootstrapper - Found explicit ContextLoader class [org.springframework.boot.test.SpringApplicationContextLoader] for context configuration attributes [ContextConfigurationAttributes@7403c468 declaringClass = 'UserService.UserServiceApplicationTests', classes = '{class com.advantage.accountsoap.AccountserviceApplication}', locations = '{}', inheritLocations = true, initializers = '{}', inheritInitializers = true, name = [null], contextLoaderClass = 'org.springframework.boot.test.SpringApplicationContextLoader']
11:02:28.638 [main] DEBUG o.s.t.c.s.AbstractContextLoader - Did not detect default resource location for test class [UserService.UserServiceApplicationTests]: class path resource [UserService/UserServiceApplicationTests-context.xml] does not exist
11:02:28.639 [main] DEBUG o.s.t.c.s.AbstractContextLoader - Did not detect default resource location for test class [UserService.UserServiceApplicationTests]: class path resource [UserService/UserServiceApplicationTestsContext.groovy] does not exist
11:02:28.639 [main] INFO  o.s.t.c.s.AbstractContextLoader - Could not detect default resource locations for test class [UserService.UserServiceApplicationTests]: no resource found for suffixes {-context.xml, Context.groovy}.
11:02:28.639 [main] DEBUG o.s.t.c.support.ActiveProfilesUtils - Could not find an 'annotation declaring class' for annotation type [org.springframework.test.context.ActiveProfiles] and class [UserService.UserServiceApplicationTests]
11:02:28.640 [main] DEBUG o.s.t.c.s.DefaultTestContextBootstrapper - @TestExecutionListeners is not present for class [UserService.UserServiceApplicationTests]: using defaults.
11:02:28.673 [main] INFO  o.s.t.c.s.DefaultTestContextBootstrapper - Loaded default TestExecutionListener class names from location [META-INF/spring.factories]: [org.springframework.test.context.web.ServletTestExecutionListener, org.springframework.test.context.support.DirtiesContextBeforeModesTestExecutionListener, org.springframework.test.context.support.DependencyInjectionTestExecutionListener, org.springframework.test.context.support.DirtiesContextTestExecutionListener, org.springframework.test.context.transaction.TransactionalTestExecutionListener, org.springframework.test.context.jdbc.SqlScriptsTestExecutionListener]
11:02:28.678 [main] INFO  o.s.t.c.s.DefaultTestContextBootstrapper - Using TestExecutionListeners: [org.springframework.test.context.web.ServletTestExecutionListener@a74868d, org.springframework.test.context.support.DirtiesContextBeforeModesTestExecutionListener@12c8a2c0, org.springframework.test.context.support.DependencyInjectionTestExecutionListener@7e0e6aa2, org.springframework.test.context.support.DirtiesContextTestExecutionListener@365185bd, org.springframework.test.context.transaction.TransactionalTestExecutionListener@18bf3d14, org.springframework.test.context.jdbc.SqlScriptsTestExecutionListener@4fb64261]
11:02:28.712 [main] DEBUG o.s.t.annotation.ProfileValueUtils - Retrieved @ProfileValueSourceConfiguration [null] for test class [com.advantage.accountsoap.AccountserviceApplicationTests]
11:02:28.714 [main] DEBUG o.s.t.annotation.ProfileValueUtils - Retrieved ProfileValueSource type [class org.springframework.test.annotation.SystemProfileValueSource] for class [com.advantage.accountsoap.AccountserviceApplicationTests]
11:02:28.716 [main] DEBUG o.s.t.annotation.ProfileValueUtils - Retrieved @ProfileValueSourceConfiguration [null] for test class [UserService.UserServiceApplicationTests]
11:02:28.719 [main] DEBUG o.s.t.annotation.ProfileValueUtils - Retrieved ProfileValueSource type [class org.springframework.test.annotation.SystemProfileValueSource] for class [UserService.UserServiceApplicationTests]
11:02:28.731 [main] DEBUG o.s.t.c.j.SpringJUnit4ClassRunner - SpringJUnit4ClassRunner constructor called with [class com.advantage.accountsoap.AccountserviceApplicationTests]
11:02:28.732 [main] DEBUG o.s.test.context.BootstrapUtils - Instantiating CacheAwareContextLoaderDelegate from class [org.springframework.test.context.cache.DefaultCacheAwareContextLoaderDelegate]
11:02:28.732 [main] DEBUG o.s.test.context.BootstrapUtils - Instantiating BootstrapContext using constructor [public org.springframework.test.context.support.DefaultBootstrapContext(java.lang.Class,org.springframework.test.context.CacheAwareContextLoaderDelegate)]
11:02:28.734 [main] DEBUG o.s.test.context.BootstrapUtils - Instantiating TestContextBootstrapper for test class [com.advantage.accountsoap.AccountserviceApplicationTests] from class [org.springframework.test.context.support.DefaultTestContextBootstrapper]
11:02:28.746 [main] DEBUG o.s.t.c.s.DefaultTestContextBootstrapper - Found explicit ContextLoader class [org.springframework.boot.test.SpringApplicationContextLoader] for context configuration attributes [ContextConfigurationAttributes@6eceb130 declaringClass = 'com.advantage.accountsoap.AccountserviceApplicationTests', classes = '{class com.advantage.accountsoap.AccountserviceApplication}', locations = '{}', inheritLocations = true, initializers = '{}', inheritInitializers = true, name = [null], contextLoaderClass = 'org.springframework.boot.test.SpringApplicationContextLoader']
11:02:28.747 [main] DEBUG o.s.t.c.s.AbstractContextLoader - Did not detect default resource location for test class [com.advantage.accountsoap.AccountserviceApplicationTests]: class path resource [com/advantage/accountsoap/AccountserviceApplicationTests-context.xml] does not exist
11:02:28.747 [main] DEBUG o.s.t.c.s.AbstractContextLoader - Did not detect default resource location for test class [com.advantage.accountsoap.AccountserviceApplicationTests]: class path resource [com/advantage/accountsoap/AccountserviceApplicationTestsContext.groovy] does not exist
11:02:28.748 [main] INFO  o.s.t.c.s.AbstractContextLoader - Could not detect default resource locations for test class [com.advantage.accountsoap.AccountserviceApplicationTests]: no resource found for suffixes {-context.xml, Context.groovy}.
11:02:28.748 [main] DEBUG o.s.t.c.support.ActiveProfilesUtils - Could not find an 'annotation declaring class' for annotation type [org.springframework.test.context.ActiveProfiles] and class [com.advantage.accountsoap.AccountserviceApplicationTests]
11:02:28.748 [main] DEBUG o.s.t.c.s.DefaultTestContextBootstrapper - @TestExecutionListeners is not present for class [com.advantage.accountsoap.AccountserviceApplicationTests]: using defaults.
11:02:28.756 [main] INFO  o.s.t.c.s.DefaultTestContextBootstrapper - Loaded default TestExecutionListener class names from location [META-INF/spring.factories]: [org.springframework.test.context.web.ServletTestExecutionListener, org.springframework.test.context.support.DirtiesContextBeforeModesTestExecutionListener, org.springframework.test.context.support.DependencyInjectionTestExecutionListener, org.springframework.test.context.support.DirtiesContextTestExecutionListener, org.springframework.test.context.transaction.TransactionalTestExecutionListener, org.springframework.test.context.jdbc.SqlScriptsTestExecutionListener]
11:02:28.757 [main] INFO  o.s.t.c.s.DefaultTestContextBootstrapper - Using TestExecutionListeners: [org.springframework.test.context.web.ServletTestExecutionListener@545997b1, org.springframework.test.context.support.DirtiesContextBeforeModesTestExecutionListener@4cf4d528, org.springframework.test.context.support.DependencyInjectionTestExecutionListener@77846d2c, org.springframework.test.context.support.DirtiesContextTestExecutionListener@548ad73b, org.springframework.test.context.transaction.TransactionalTestExecutionListener@4c762604, org.springframework.test.context.jdbc.SqlScriptsTestExecutionListener@2641e737]
11:02:28.759 [main] DEBUG o.s.t.annotation.ProfileValueUtils - Retrieved @ProfileValueSourceConfiguration [null] for test class [com.advantage.accountsoap.AccountserviceApplicationTests]
11:02:28.760 [main] DEBUG o.s.t.annotation.ProfileValueUtils - Retrieved ProfileValueSource type [class org.springframework.test.annotation.SystemProfileValueSource] for class [com.advantage.accountsoap.AccountserviceApplicationTests]
11:02:28.761 [main] DEBUG o.s.t.annotation.ProfileValueUtils - Retrieved @ProfileValueSourceConfiguration [null] for test class [com.advantage.accountsoap.AccountserviceApplicationTests]
11:02:28.761 [main] DEBUG o.s.t.annotation.ProfileValueUtils - Retrieved ProfileValueSource type [class org.springframework.test.annotation.SystemProfileValueSource] for class [com.advantage.accountsoap.AccountserviceApplicationTests]
]]></system-out>
  </testcase>
</testsuite>